# JRE version: Java(TM) SE Runtime Environment (8.0_131-b11) (build 1.8.0_131-b11)
# Java VM: Java HotSpot(TM) 64-Bit Server VM (25.131-b11 mixed mode windows-amd64 compressed oops)
Heap:
 PSYoungGen      total 356352K, used 202552K [0x000000076b580000, 0x0000000792500000, 0x00000007c0000000)
  eden space 176128K, 12% used [0x000000076b580000,0x000000076cbb4990,0x0000000776180000)
  from space 180224K, 99% used [0x0000000776180000,0x0000000781119808,0x0000000781180000)
  to   space 210432K, 0% used [0x0000000785780000,0x0000000785780000,0x0000000792500000)
 ParOldGen       total 1278464K, used 972471K [0x00000006c2000000, 0x0000000710080000, 0x000000076b580000)
  object space 1278464K, 76% used [0x00000006c2000000,0x00000006fd5adfe8,0x0000000710080000)
 Metaspace       used 18986K, capacity 19968K, committed 20096K, reserved 1067008K
  class space    used 2634K, capacity 2824K, committed 2944K, reserved 1048576K
GC Heap History (10 events):
Event: 41.711 GC heap before
{Heap before GC invocations=13 (full 3):
 PSYoungGen      total 251392K, used 249536K [0x000000076b580000, 0x0000000784700000, 0x00000007c0000000)
  eden space 154624K, 99% used [0x000000076b580000,0x0000000774bc25b8,0x0000000774c80000)
  from space 96768K, 98% used [0x0000000774c80000,0x000000077a9edb78,0x000000077ab00000)
  to   space 114176K, 0% used [0x000000077d780000,0x000000077d780000,0x0000000784700000)
 ParOldGen       total 838144K, used 550777K [0x00000006c2000000, 0x00000006f5280000, 0x000000076b580000)
  object space 838144K, 65% used [0x00000006c2000000,0x00000006e39de478,0x00000006f5280000)
 Metaspace       used 16427K, capacity 17048K, committed 17152K, reserved 1064960K
  class space    used 2112K, capacity 2268K, committed 2304K, reserved 1048576K
Event: 41.748 GC heap after
Heap after GC invocations=13 (full 3):
 PSYoungGen      total 278528K, used 113124K [0x000000076b580000, 0x0000000787380000, 0x00000007c0000000)
  eden space 164352K, 0% used [0x000000076b580000,0x000000076b580000,0x0000000775600000)
  from space 114176K, 99% used [0x000000077d780000,0x00000007845f92b0,0x0000000784700000)
  to   space 132608K, 0% used [0x0000000775600000,0x0000000775600000,0x000000077d780000)
 ParOldGen       total 838144K, used 653186K [0x00000006c2000000, 0x00000006f5280000, 0x000000076b580000)
  object space 838144K, 77% used [0x00000006c2000000,0x00000006e9de0878,0x00000006f5280000)
 Metaspace       used 16427K, capacity 17048K, committed 17152K, reserved 1064960K
  class space    used 2112K, capacity 2268K, committed 2304K, reserved 1048576K
}
Event: 42.920 GC heap before
{Heap before GC invocations=14 (full 3):
 PSYoungGen      total 278528K, used 277476K [0x000000076b580000, 0x0000000787380000, 0x00000007c0000000)
  eden space 164352K, 100% used [0x000000076b580000,0x0000000775600000,0x0000000775600000)
  from space 114176K, 99% used [0x000000077d780000,0x00000007845f92b0,0x0000000784700000)
  to   space 132608K, 0% used [0x0000000775600000,0x0000000775600000,0x000000077d780000)
 ParOldGen       total 838144K, used 653186K [0x00000006c2000000, 0x00000006f5280000, 0x000000076b580000)
  object space 838144K, 77% used [0x00000006c2000000,0x00000006e9de0878,0x00000006f5280000)
 Metaspace       used 16473K, capacity 17048K, committed 17152K, reserved 1064960K
  class space    used 2112K, capacity 2268K, committed 2304K, reserved 1048576K
Event: 42.955 GC heap after
Heap after GC invocations=14 (full 3):
 PSYoungGen      total 296960K, used 132356K [0x000000076b580000, 0x000000078a880000, 0x00000007c0000000)
  eden space 164352K, 0% used [0x000000076b580000,0x000000076b580000,0x0000000775600000)
  from space 132608K, 99% used [0x0000000775600000,0x000000077d741370,0x000000077d780000)
  to   space 154624K, 0% used [0x0000000781180000,0x0000000781180000,0x000000078a880000)
 ParOldGen       total 838144K, used 760395K [0x00000006c2000000, 0x00000006f5280000, 0x000000076b580000)
  object space 838144K, 90% used [0x00000006c2000000,0x00000006f0692ca8,0x00000006f5280000)
 Metaspace       used 16473K, capacity 17048K, committed 17152K, reserved 1064960K
  class space    used 2112K, capacity 2268K, committed 2304K, reserved 1048576K
}
Event: 42.955 GC heap before
{Heap before GC invocations=15 (full 4):
 PSYoungGen      total 296960K, used 132356K [0x000000076b580000, 0x000000078a880000, 0x00000007c0000000)
  eden space 164352K, 0% used [0x000000076b580000,0x000000076b580000,0x0000000775600000)
  from space 132608K, 99% used [0x0000000775600000,0x000000077d741370,0x000000077d780000)
  to   space 154624K, 0% used [0x0000000781180000,0x0000000781180000,0x000000078a880000)
 ParOldGen       total 838144K, used 760395K [0x00000006c2000000, 0x00000006f5280000, 0x000000076b580000)
  object space 838144K, 90% used [0x00000006c2000000,0x00000006f0692ca8,0x00000006f5280000)
 Metaspace       used 16473K, capacity 17048K, committed 17152K, reserved 1064960K
  class space    used 2112K, capacity 2268K, committed 2304K, reserved 1048576K
Event: 43.232 GC heap after
Heap after GC invocations=15 (full 4):
 PSYoungGen      total 296960K, used 52814K [0x000000076b580000, 0x000000078a880000, 0x00000007c0000000)
  eden space 164352K, 0% used [0x000000076b580000,0x000000076b580000,0x0000000775600000)
  from space 132608K, 39% used [0x0000000775600000,0x0000000778993ac8,0x000000077d780000)
  to   space 154624K, 0% used [0x0000000781180000,0x0000000781180000,0x000000078a880000)
 ParOldGen       total 1278464K, used 838054K [0x00000006c2000000, 0x0000000710080000, 0x000000076b580000)
  object space 1278464K, 65% used [0x00000006c2000000,0x00000006f5269aa8,0x0000000710080000)
 Metaspace       used 16473K, capacity 17048K, committed 17152K, reserved 1064960K
  class space    used 2112K, capacity 2268K, committed 2304K, reserved 1048576K
}
Event: 44.461 GC heap before
{Heap before GC invocations=16 (full 4):
 PSYoungGen      total 296960K, used 217166K [0x000000076b580000, 0x000000078a880000, 0x00000007c0000000)
  eden space 164352K, 100% used [0x000000076b580000,0x0000000775600000,0x0000000775600000)
  from space 132608K, 39% used [0x0000000775600000,0x0000000778993ac8,0x000000077d780000)
  to   space 154624K, 0% used [0x0000000781180000,0x0000000781180000,0x000000078a880000)
 ParOldGen       total 1278464K, used 838054K [0x00000006c2000000, 0x0000000710080000, 0x000000076b580000)
  object space 1278464K, 65% used [0x00000006c2000000,0x00000006f5269aa8,0x0000000710080000)
 Metaspace       used 16558K, capacity 17206K, committed 17408K, reserved 1064960K
  class space    used 2126K, capacity 2273K, committed 2304K, reserved 1048576K
Event: 44.488 GC heap after
Heap after GC invocations=16 (full 4):
 PSYoungGen      total 330752K, used 153953K [0x000000076b580000, 0x000000078dd00000, 0x00000007c0000000)
  eden space 176128K, 0% used [0x000000076b580000,0x000000076b580000,0x0000000776180000)
  from space 154624K, 99% used [0x0000000781180000,0x000000078a7d8600,0x000000078a880000)
  to   space 180224K, 0% used [0x0000000776180000,0x0000000776180000,0x0000000781180000)
 ParOldGen       total 1278464K, used 865262K [0x00000006c2000000, 0x0000000710080000, 0x000000076b580000)
  object space 1278464K, 67% used [0x00000006c2000000,0x00000006f6cfbbb8,0x0000000710080000)
 Metaspace       used 16558K, capacity 17206K, committed 17408K, reserved 1064960K
  class space    used 2126K, capacity 2273K, committed 2304K, reserved 1048576K
}
Event: 45.996 GC heap before
{Heap before GC invocations=17 (full 4):
 PSYoungGen      total 330752K, used 330081K [0x000000076b580000, 0x000000078dd00000, 0x00000007c0000000)
  eden space 176128K, 100% used [0x000000076b580000,0x0000000776180000,0x0000000776180000)
  from space 154624K, 99% used [0x0000000781180000,0x000000078a7d8600,0x000000078a880000)
  to   space 180224K, 0% used [0x0000000776180000,0x0000000776180000,0x0000000781180000)
 ParOldGen       total 1278464K, used 865262K [0x00000006c2000000, 0x0000000710080000, 0x000000076b580000)
  object space 1278464K, 67% used [0x00000006c2000000,0x00000006f6cfbbb8,0x0000000710080000)
 Metaspace       used 17313K, capacity 18064K, committed 18432K, reserved 1064960K
  class space    used 2277K, capacity 2438K, committed 2560K, reserved 1048576K
Event: 46.032 GC heap after
Heap after GC invocations=17 (full 4):
 PSYoungGen      total 356352K, used 179814K [0x000000076b580000, 0x0000000792500000, 0x00000007c0000000)
  eden space 176128K, 0% used [0x000000076b580000,0x000000076b580000,0x0000000776180000)
  from space 180224K, 99% used [0x0000000776180000,0x0000000781119808,0x0000000781180000)
  to   space 210432K, 0% used [0x0000000785780000,0x0000000785780000,0x0000000792500000)
 ParOldGen       total 1278464K, used 972471K [0x00000006c2000000, 0x0000000710080000, 0x000000076b580000)
  object space 1278464K, 76% used [0x00000006c2000000,0x00000006fd5adfe8,0x0000000710080000)
 Metaspace       used 17313K, capacity 18064K, committed 18432K, reserved 1064960K
  class space    used 2277K, capacity 2438K, committed 2560K, reserved 1048576K
}

